2026-05-29 13:14:35,744 [ERROR] LRMC - BingX API Error: Order price should be higher than 14794.3 | Code: 101211
2026-05-29 13:14:43,970 [ERROR] LRMC - BingX API Error: Unknown error | Code: None
2026-05-29 13:14:44,239 [ERROR] LRMC - WebSocket Error: [Errno 11001] getaddrinfo failed. Reconnecting in 5s...
2026-05-29 13:14:48,277 [ERROR] LRMC - BingX API Error: Please use the correct request method. The request method for this endpoint is DELETE | Code: 100404
2026-05-29 13:14:49,565 [ERROR] LRMC - BingX API Error: Unknown error | Code: None
2026-05-29 13:14:49,815 [ERROR] LRMC - WebSocket Error: [Errno 11001] getaddrinfo failed. Reconnecting in 5s...
2026-05-29 13:15:52,463 [ERROR] LRMC - BingX API Error: Unknown error | Code: None
2026-05-29 21:55:09,252 [ERROR] LRMC - BingX API Error: The Maker (Post Only) order ensures that the user always acts as a maker. If the order would immediately match with available orders in the market, it will be canceled. | Code: 101215
2026-05-29 21:55:09,252 [ERROR] LRMC - [ENTRY] Failed to place order: The Maker (Post Only) order ensures that the user always acts as a maker. If the order would immediately match with available orders in the market, it will be canceled.
2026-05-29 23:14:55,765 [ERROR] LRMC - BingX API Error: In the Hedge mode, the 'ReduceOnly' field can not be filled. | Code: 109400
2026-05-29 23:14:56,714 [ERROR] LRMC - BingX API Error: over 20 error code:109400 requests within 480000 ms for this api, please verify and fix it ,can retry after time: 1780114734331 | Code: 109429
2026-05-29 23:14:57,682 [ERROR] LRMC - BingX API Error: In the Hedge mode, the 'ReduceOnly' field can not be filled. | Code: 109400
2026-05-29 23:14:59,643 [ERROR] LRMC - BingX API Error: In the Hedge mode, the 'ReduceOnly' field can not be filled. | Code: 109400
2026-05-29 23:15:00,262 [ERROR] LRMC - BingX API Error: Please try again later. | Code: 100410
2026-05-29 23:15:01,259 [ERROR] LRMC - BingX API Error: over 20 error code:109400 requests within 480000 ms for this api, please verify and fix it ,can retry after time: 1780114734331 | Code: 109429
2026-05-29 23:15:02,236 [ERROR] LRMC - BingX API Error: over 20 error code:109400 requests within 480000 ms for this api, please verify and fix it ,can retry after time: 1780114734331 | Code: 109429
2026-05-29 23:15:03,174 [ERROR] LRMC - BingX API Error: In the Hedge mode, the 'ReduceOnly' field can not be filled. | Code: 109400
2026-05-29 23:15:04,151 [ERROR] LRMC - BingX API Error: over 20 error code:109400 requests within 480000 ms for this api, please verify and fix it ,can retry after time: 1780114734331 | Code: 109429
2026-05-29 23:15:05,108 [ERROR] LRMC - BingX API Error: over 20 error code:109400 requests within 480000 ms for this api, please verify and fix it ,can retry after time: 1780114734331 | Code: 109429
2026-05-30 19:35:55,958 [ERROR] LRMC - BingX API Error: over 20 error code:109400 requests within 480000 ms for this api, please verify and fix it ,can retry after time: 1780188082328 | Code: 109429
2026-05-30 19:35:58,139 [ERROR] LRMC - BingX API Error: over 20 error code:109400 requests within 480000 ms for this api, please verify and fix it ,can retry after time: 1780188082328 | Code: 109429
2026-05-30 19:36:00,460 [ERROR] LRMC - BingX API Error: over 20 error code:109400 requests within 480000 ms for this api, please verify and fix it ,can retry after time: 1780188082328 | Code: 109429
2026-05-30 19:36:01,952 [ERROR] LRMC - BingX API Error: over 20 error code:109400 requests within 480000 ms for this api, please verify and fix it ,can retry after time: 1780188072664 | Code: 109429
2026-05-30 19:36:03,830 [ERROR] LRMC - BingX API Error: over 20 error code:109400 requests within 480000 ms for this api, please verify and fix it ,can retry after time: 1780188072664 | Code: 109429
2026-05-30 19:36:07,014 [ERROR] LRMC - BingX API Error: over 20 error code:109400 requests within 480000 ms for this api, please verify and fix it ,can retry after time: 1780188082328 | Code: 109429
2026-05-30 19:36:08,681 [ERROR] LRMC - BingX API Error: over 20 error code:109400 requests within 480000 ms for this api, please verify and fix it ,can retry after time: 1780188072664 | Code: 109429
2026-05-30 19:36:10,543 [ERROR] LRMC - BingX API Error: over 20 error code:109400 requests within 480000 ms for this api, please verify and fix it ,can retry after time: 1780188082328 | Code: 109429
2026-05-30 19:36:12,836 [ERROR] LRMC - BingX API Error: over 20 error code:109400 requests within 480000 ms for this api, please verify and fix it ,can retry after time: 1780188072664 | Code: 109429
2026-05-30 19:36:14,900 [ERROR] LRMC - BingX API Error: over 20 error code:109400 requests within 480000 ms for this api, please verify and fix it ,can retry after time: 1780188072664 | Code: 109429
2026-05-30 19:36:16,213 [ERROR] LRMC - BingX API Error: over 20 error code:109400 requests within 480000 ms for this api, please verify and fix it ,can retry after time: 1780188082328 | Code: 109429
2026-05-30 19:36:19,400 [ERROR] LRMC - BingX API Error: over 20 error code:109400 requests within 480000 ms for this api, please verify and fix it ,can retry after time: 1780188082328 | Code: 109429
2026-05-30 19:36:21,695 [ERROR] LRMC - BingX API Error: over 20 error code:109400 requests within 480000 ms for this api, please verify and fix it ,can retry after time: 1780188072664 | Code: 109429
2026-05-30 19:36:23,588 [ERROR] LRMC - BingX API Error: over 20 error code:109400 requests within 480000 ms for this api, please verify and fix it ,can retry after time: 1780188072664 | Code: 109429
2026-05-30 19:36:26,814 [ERROR] LRMC - BingX API Error: over 20 error code:109400 requests within 480000 ms for this api, please verify and fix it ,can retry after time: 1780188082328 | Code: 109429
2026-05-30 19:36:28,604 [ERROR] LRMC - BingX API Error: over 20 error code:109400 requests within 480000 ms for this api, please verify and fix it ,can retry after time: 1780188082328 | Code: 109429
2026-05-30 19:36:29,918 [ERROR] LRMC - BingX API Error: over 20 error code:109400 requests within 480000 ms for this api, please verify and fix it ,can retry after time: 1780188082328 | Code: 109429
2026-05-30 19:36:32,776 [ERROR] LRMC - BingX API Error: over 20 error code:109400 requests within 480000 ms for this api, please verify and fix it ,can retry after time: 1780188072664 | Code: 109429
2026-05-30 19:37:31,571 [ERROR] LRMC - BingX API Error: Unknown error | Code: None
2026-05-30 19:37:32,873 [ERROR] LRMC - BingX API Error: Unknown error | Code: None
2026-05-30 19:37:35,193 [ERROR] LRMC - BingX API Error: Unknown error | Code: None
2026-05-30 19:38:03,004 [ERROR] LRMC - BingX API Error: over 20 error code:109400 requests within 480000 ms for this api, please verify and fix it ,can retry after time: 1780188082328 | Code: 109429
2026-05-30 19:38:04,601 [ERROR] LRMC - BingX API Error: over 20 error code:109400 requests within 480000 ms for this api, please verify and fix it ,can retry after time: 1780188072664 | Code: 109429
2026-05-30 19:38:05,217 [ERROR] LRMC - BingX API Error: over 20 error code:109400 requests within 480000 ms for this api, please verify and fix it ,can retry after time: 1780188072664 | Code: 109429
2026-05-30 19:38:06,919 [ERROR] LRMC - BingX API Error: over 20 error code:109400 requests within 480000 ms for this api, please verify and fix it ,can retry after time: 1780188082328 | Code: 109429
2026-05-30 19:38:06,919 [ERROR] LRMC - [SL] FAILED to place SL: Max retries exceeded
2026-05-30 19:38:07,112 [ERROR] LRMC - BingX API Error: over 20 error code:109400 requests within 480000 ms for this api, please verify and fix it ,can retry after time: 1780188072664 | Code: 109429
2026-05-30 19:38:07,231 [ERROR] LRMC - BingX API Error: over 20 error code:109400 requests within 480000 ms for this api, please verify and fix it ,can retry after time: 1780188072664 | Code: 109429
2026-05-30 19:38:08,526 [ERROR] LRMC - BingX API Error: over 20 error code:109400 requests within 480000 ms for this api, please verify and fix it ,can retry after time: 1780188082328 | Code: 109429
2026-05-30 19:38:09,996 [ERROR] LRMC - BingX API Error: over 20 error code:109400 requests within 480000 ms for this api, please verify and fix it ,can retry after time: 1780188072664 | Code: 109429
2026-05-30 19:38:11,706 [ERROR] LRMC - BingX API Error: over 20 error code:109400 requests within 480000 ms for this api, please verify and fix it ,can retry after time: 1780188082328 | Code: 109429
2026-05-30 19:38:11,707 [ERROR] LRMC - [TP1] FAILED: Max retries exceeded
2026-05-30 19:38:12,002 [ERROR] LRMC - BingX API Error: over 20 error code:109400 requests within 480000 ms for this api, please verify and fix it ,can retry after time: 1780188082328 | Code: 109429
2026-05-30 19:38:12,365 [ERROR] LRMC - BingX API Error: over 20 error code:109400 requests within 480000 ms for this api, please verify and fix it ,can retry after time: 1780188082328 | Code: 109429
2026-05-30 19:38:13,316 [ERROR] LRMC - BingX API Error: over 20 error code:109400 requests within 480000 ms for this api, please verify and fix it ,can retry after time: 1780188072664 | Code: 109429
2026-05-30 19:38:14,283 [ERROR] LRMC - BingX API Error: over 20 error code:109400 requests within 480000 ms for this api, please verify and fix it ,can retry after time: 1780188072664 | Code: 109429
2026-05-30 19:38:15,772 [ERROR] LRMC - BingX API Error: over 20 error code:109400 requests within 480000 ms for this api, please verify and fix it ,can retry after time: 1780188072664 | Code: 109429
2026-05-30 19:38:16,595 [ERROR] LRMC - BingX API Error: over 20 error code:109400 requests within 480000 ms for this api, please verify and fix it ,can retry after time: 1780188072664 | Code: 109429
2026-05-30 19:38:16,596 [ERROR] LRMC - [TP2] FAILED: Max retries exceeded
2026-05-30 19:38:17,454 [ERROR] LRMC - BingX API Error: over 20 error code:109400 requests within 480000 ms for this api, please verify and fix it ,can retry after time: 1780188082328 | Code: 109429
2026-05-30 19:38:17,490 [ERROR] LRMC - BingX API Error: over 20 error code:109400 requests within 480000 ms for this api, please verify and fix it ,can retry after time: 1780188082328 | Code: 109429
2026-05-30 19:38:19,343 [ERROR] LRMC - BingX API Error: over 20 error code:109400 requests within 480000 ms for this api, please verify and fix it ,can retry after time: 1780188072664 | Code: 109429
2026-05-30 19:38:19,692 [ERROR] LRMC - BingX API Error: over 20 error code:109400 requests within 480000 ms for this api, please verify and fix it ,can retry after time: 1780188072664 | Code: 109429
2026-05-30 19:38:21,662 [ERROR] LRMC - BingX API Error: over 20 error code:109400 requests within 480000 ms for this api, please verify and fix it ,can retry after time: 1780188082328 | Code: 109429
2026-05-30 19:38:21,662 [ERROR] LRMC - [TP3] FAILED: Max retries exceeded
2026-05-30 19:38:22,589 [ERROR] LRMC - BingX API Error: over 20 error code:109400 requests within 480000 ms for this api, please verify and fix it ,can retry after time: 1780188072664 | Code: 109429
2026-05-30 19:38:22,842 [ERROR] LRMC - BingX API Error: over 20 error code:109400 requests within 480000 ms for this api, please verify and fix it ,can retry after time: 1780188082328 | Code: 109429
2026-05-30 19:38:24,792 [ERROR] LRMC - BingX API Error: over 20 error code:109400 requests within 480000 ms for this api, please verify and fix it ,can retry after time: 1780188082328 | Code: 109429
2026-05-30 19:38:24,874 [ERROR] LRMC - BingX API Error: over 20 error code:109400 requests within 480000 ms for this api, please verify and fix it ,can retry after time: 1780188072664 | Code: 109429
2026-05-30 19:38:26,207 [ERROR] LRMC - BingX API Error: over 20 error code:109400 requests within 480000 ms for this api, please verify and fix it ,can retry after time: 1780188072664 | Code: 109429
2026-05-30 19:38:27,679 [ERROR] LRMC - BingX API Error: over 20 error code:109400 requests within 480000 ms for this api, please verify and fix it ,can retry after time: 1780188082328 | Code: 109429
2026-05-30 19:38:27,679 [ERROR] LRMC - [SL] FAILED to place SL: Max retries exceeded
2026-05-30 19:38:27,992 [ERROR] LRMC - BingX API Error: over 20 error code:109400 requests within 480000 ms for this api, please verify and fix it ,can retry after time: 1780188082328 | Code: 109429
2026-05-30 19:38:28,538 [ERROR] LRMC - BingX API Error: over 20 error code:109400 requests within 480000 ms for this api, please verify and fix it ,can retry after time: 1780188072664 | Code: 109429
2026-05-30 19:38:29,312 [ERROR] LRMC - BingX API Error: over 20 error code:109400 requests within 480000 ms for this api, please verify and fix it ,can retry after time: 1780188082328 | Code: 109429
2026-05-30 19:38:29,656 [ERROR] LRMC - BingX API Error: over 20 error code:109400 requests within 480000 ms for this api, please verify and fix it ,can retry after time: 1780188072664 | Code: 109429
2026-05-30 19:38:30,967 [ERROR] LRMC - BingX API Error: over 20 error code:109400 requests within 480000 ms for this api, please verify and fix it ,can retry after time: 1780188082328 | Code: 109429
2026-05-30 19:38:32,207 [ERROR] LRMC - BingX API Error: over 20 error code:109400 requests within 480000 ms for this api, please verify and fix it ,can retry after time: 1780188072664 | Code: 109429
2026-05-30 19:38:32,208 [ERROR] LRMC - [TP1] FAILED: Max retries exceeded
2026-05-30 19:38:33,099 [ERROR] LRMC - BingX API Error: over 20 error code:109400 requests within 480000 ms for this api, please verify and fix it ,can retry after time: 1780188082328 | Code: 109429
2026-05-30 19:38:33,278 [ERROR] LRMC - BingX API Error: over 20 error code:109400 requests within 480000 ms for this api, please verify and fix it ,can retry after time: 1780188082328 | Code: 109429
2026-05-30 19:38:34,413 [ERROR] LRMC - BingX API Error: over 20 error code:109400 requests within 480000 ms for this api, please verify and fix it ,can retry after time: 1780188072664 | Code: 109429
2026-05-30 19:38:35,006 [ERROR] LRMC - BingX API Error: over 20 error code:109400 requests within 480000 ms for this api, please verify and fix it ,can retry after time: 1780188072664 | Code: 109429
2026-05-30 19:38:36,562 [ERROR] LRMC - BingX API Error: over 20 error code:109400 requests within 480000 ms for this api, please verify and fix it ,can retry after time: 1780188072664 | Code: 109429
2026-05-30 19:38:37,920 [ERROR] LRMC - BingX API Error: over 20 error code:109400 requests within 480000 ms for this api, please verify and fix it ,can retry after time: 1780188072664 | Code: 109429
2026-05-30 19:38:37,920 [ERROR] LRMC - [TP2] FAILED: Max retries exceeded
2026-05-30 19:38:39,079 [ERROR] LRMC - BingX API Error: over 20 error code:109400 requests within 480000 ms for this api, please verify and fix it ,can retry after time: 1780188082328 | Code: 109429
2026-05-30 19:38:39,464 [ERROR] LRMC - BingX API Error: over 20 error code:109400 requests within 480000 ms for this api, please verify and fix it ,can retry after time: 1780188072664 | Code: 109429
2026-05-30 19:38:40,384 [ERROR] LRMC - BingX API Error: over 20 error code:109400 requests within 480000 ms for this api, please verify and fix it ,can retry after time: 1780188072664 | Code: 109429
2026-05-30 19:38:40,605 [ERROR] LRMC - BingX API Error: over 20 error code:109400 requests within 480000 ms for this api, please verify and fix it ,can retry after time: 1780188082328 | Code: 109429
2026-05-30 19:38:41,951 [ERROR] LRMC - BingX API Error: over 20 error code:109400 requests within 480000 ms for this api, please verify and fix it ,can retry after time: 1780188072664 | Code: 109429
2026-05-30 19:38:42,707 [ERROR] LRMC - BingX API Error: over 20 error code:109400 requests within 480000 ms for this api, please verify and fix it ,can retry after time: 1780188082328 | Code: 109429
2026-05-30 19:38:42,707 [ERROR] LRMC - [TP3] FAILED: Max retries exceeded
2026-05-30 19:38:43,895 [ERROR] LRMC - BingX API Error: over 20 error code:109400 requests within 480000 ms for this api, please verify and fix it ,can retry after time: 1780188082328 | Code: 109429
2026-05-30 19:38:44,827 [ERROR] LRMC - BingX API Error: over 20 error code:109400 requests within 480000 ms for this api, please verify and fix it ,can retry after time: 1780188072664 | Code: 109429
2026-05-30 19:38:45,786 [ERROR] LRMC - BingX API Error: over 20 error code:109400 requests within 480000 ms for this api, please verify and fix it ,can retry after time: 1780188072664 | Code: 109429
2026-05-30 19:38:48,111 [ERROR] LRMC - BingX API Error: over 20 error code:109400 requests within 480000 ms for this api, please verify and fix it ,can retry after time: 1780188072664 | Code: 109429
2026-05-30 19:38:48,111 [ERROR] LRMC - [SL] FAILED to place SL: Max retries exceeded
2026-05-30 19:38:49,021 [ERROR] LRMC - BingX API Error: over 20 error code:109400 requests within 480000 ms for this api, please verify and fix it ,can retry after time: 1780188072664 | Code: 109429
2026-05-30 19:38:51,207 [ERROR] LRMC - BingX API Error: over 20 error code:109400 requests within 480000 ms for this api, please verify and fix it ,can retry after time: 1780188072664 | Code: 109429
2026-05-30 19:38:54,112 [ERROR] LRMC - BingX API Error: over 20 error code:109400 requests within 480000 ms for this api, please verify and fix it ,can retry after time: 1780188072664 | Code: 109429
2026-05-30 19:38:54,112 [ERROR] LRMC - [TP1] FAILED: Max retries exceeded
2026-05-30 19:38:55,007 [ERROR] LRMC - BingX API Error: over 20 error code:109400 requests within 480000 ms for this api, please verify and fix it ,can retry after time: 1780188082328 | Code: 109429
2026-05-30 19:38:56,906 [ERROR] LRMC - BingX API Error: over 20 error code:109400 requests within 480000 ms for this api, please verify and fix it ,can retry after time: 1780188072664 | Code: 109429
2026-05-30 19:38:59,235 [ERROR] LRMC - BingX API Error: over 20 error code:109400 requests within 480000 ms for this api, please verify and fix it ,can retry after time: 1780188082328 | Code: 109429
2026-05-30 19:38:59,236 [ERROR] LRMC - [TP2] FAILED: Max retries exceeded
2026-05-30 19:38:59,542 [ERROR] LRMC - BingX API Error: over 20 error code:109400 requests within 480000 ms for this api, please verify and fix it ,can retry after time: 1780188072664 | Code: 109429
2026-05-30 19:39:00,863 [ERROR] LRMC - BingX API Error: over 20 error code:109400 requests within 480000 ms for this api, please verify and fix it ,can retry after time: 1780188072664 | Code: 109429
2026-05-30 19:39:03,734 [ERROR] LRMC - BingX API Error: over 20 error code:109400 requests within 480000 ms for this api, please verify and fix it ,can retry after time: 1780188072664 | Code: 109429
2026-05-30 19:39:03,735 [ERROR] LRMC - [TP3] FAILED: Max retries exceeded
2026-05-30 19:39:05,545 [ERROR] LRMC - BingX API Error: over 20 error code:109400 requests within 480000 ms for this api, please verify and fix it ,can retry after time: 1780188082328 | Code: 109429
2026-05-30 19:39:06,850 [ERROR] LRMC - BingX API Error: over 20 error code:109400 requests within 480000 ms for this api, please verify and fix it ,can retry after time: 1780188082328 | Code: 109429
2026-05-30 19:39:09,162 [ERROR] LRMC - BingX API Error: over 20 error code:109400 requests within 480000 ms for this api, please verify and fix it ,can retry after time: 1780188082328 | Code: 109429
2026-05-30 19:39:09,162 [ERROR] LRMC - [SL] FAILED to place SL: Max retries exceeded
2026-05-30 19:39:10,031 [ERROR] LRMC - BingX API Error: over 20 error code:109400 requests within 480000 ms for this api, please verify and fix it ,can retry after time: 1780188082328 | Code: 109429
2026-05-30 19:39:11,922 [ERROR] LRMC - BingX API Error: over 20 error code:109400 requests within 480000 ms for this api, please verify and fix it ,can retry after time: 1780188072664 | Code: 109429
2026-05-30 19:39:14,829 [ERROR] LRMC - BingX API Error: over 20 error code:109400 requests within 480000 ms for this api, please verify and fix it ,can retry after time: 1780188082328 | Code: 109429
2026-05-30 19:39:14,829 [ERROR] LRMC - [TP1] FAILED: Max retries exceeded
2026-05-30 19:39:15,139 [ERROR] LRMC - BingX API Error: over 20 error code:109400 requests within 480000 ms for this api, please verify and fix it ,can retry after time: 1780188072664 | Code: 109429
2026-05-30 19:39:16,545 [ERROR] LRMC - BingX API Error: over 20 error code:109400 requests within 480000 ms for this api, please verify and fix it ,can retry after time: 1780188072664 | Code: 109429
2026-05-30 19:39:19,420 [ERROR] LRMC - BingX API Error: over 20 error code:109400 requests within 480000 ms for this api, please verify and fix it ,can retry after time: 1780188072664 | Code: 109429
2026-05-30 19:39:19,421 [ERROR] LRMC - [TP2] FAILED: Max retries exceeded
2026-05-30 19:39:19,722 [ERROR] LRMC - BingX API Error: over 20 error code:109400 requests within 480000 ms for this api, please verify and fix it ,can retry after time: 1780188082328 | Code: 109429
2026-05-30 19:39:21,601 [ERROR] LRMC - BingX API Error: over 20 error code:109400 requests within 480000 ms for this api, please verify and fix it ,can retry after time: 1780188082328 | Code: 109429
2026-05-30 19:39:24,488 [ERROR] LRMC - BingX API Error: over 20 error code:109400 requests within 480000 ms for this api, please verify and fix it ,can retry after time: 1780188072664 | Code: 109429
2026-05-30 19:39:24,488 [ERROR] LRMC - [TP3] FAILED: Max retries exceeded
2026-05-30 19:39:25,667 [ERROR] LRMC - BingX API Error: over 20 error code:109400 requests within 480000 ms for this api, please verify and fix it ,can retry after time: 1780188072664 | Code: 109429
2026-05-30 19:39:27,521 [ERROR] LRMC - BingX API Error: over 20 error code:109400 requests within 480000 ms for this api, please verify and fix it ,can retry after time: 1780188072664 | Code: 109429
2026-05-30 19:39:30,413 [ERROR] LRMC - BingX API Error: over 20 error code:109400 requests within 480000 ms for this api, please verify and fix it ,can retry after time: 1780188072664 | Code: 109429
2026-05-30 19:39:30,413 [ERROR] LRMC - [SL] FAILED to place SL: Max retries exceeded
2026-05-30 19:39:31,319 [ERROR] LRMC - BingX API Error: over 20 error code:109400 requests within 480000 ms for this api, please verify and fix it ,can retry after time: 1780188072664 | Code: 109429
2026-05-30 19:39:32,639 [ERROR] LRMC - BingX API Error: over 20 error code:109400 requests within 480000 ms for this api, please verify and fix it ,can retry after time: 1780188082328 | Code: 109429
2026-05-30 19:39:35,527 [ERROR] LRMC - BingX API Error: over 20 error code:109400 requests within 480000 ms for this api, please verify and fix it ,can retry after time: 1780188072664 | Code: 109429
2026-05-30 19:39:35,528 [ERROR] LRMC - [TP1] FAILED: Max retries exceeded
2026-05-30 19:39:36,399 [ERROR] LRMC - BingX API Error: over 20 error code:109400 requests within 480000 ms for this api, please verify and fix it ,can retry after time: 1780188072664 | Code: 109429
2026-05-30 19:39:37,713 [ERROR] LRMC - BingX API Error: over 20 error code:109400 requests within 480000 ms for this api, please verify and fix it ,can retry after time: 1780188072664 | Code: 109429
2026-05-30 19:39:40,595 [ERROR] LRMC - BingX API Error: over 20 error code:109400 requests within 480000 ms for this api, please verify and fix it ,can retry after time: 1780188072664 | Code: 109429
2026-05-30 19:39:40,595 [ERROR] LRMC - [TP2] FAILED: Max retries exceeded
2026-05-30 19:39:41,480 [ERROR] LRMC - BingX API Error: over 20 error code:109400 requests within 480000 ms for this api, please verify and fix it ,can retry after time: 1780188072664 | Code: 109429
2026-05-30 19:39:43,381 [ERROR] LRMC - BingX API Error: over 20 error code:109400 requests within 480000 ms for this api, please verify and fix it ,can retry after time: 1780188072664 | Code: 109429
2026-05-30 19:39:46,267 [ERROR] LRMC - BingX API Error: over 20 error code:109400 requests within 480000 ms for this api, please verify and fix it ,can retry after time: 1780188072664 | Code: 109429
2026-05-30 19:39:46,268 [ERROR] LRMC - [TP3] FAILED: Max retries exceeded
2026-05-30 19:39:47,451 [ERROR] LRMC - BingX API Error: over 20 error code:109400 requests within 480000 ms for this api, please verify and fix it ,can retry after time: 1780188072664 | Code: 109429
2026-05-30 19:39:49,334 [ERROR] LRMC - BingX API Error: over 20 error code:109400 requests within 480000 ms for this api, please verify and fix it ,can retry after time: 1780188072664 | Code: 109429
2026-05-30 19:39:51,640 [ERROR] LRMC - BingX API Error: over 20 error code:109400 requests within 480000 ms for this api, please verify and fix it ,can retry after time: 1780188072664 | Code: 109429
2026-05-30 19:39:51,640 [ERROR] LRMC - [SL] FAILED to place SL: Max retries exceeded
2026-05-30 19:39:51,940 [ERROR] LRMC - BingX API Error: over 20 error code:109400 requests within 480000 ms for this api, please verify and fix it ,can retry after time: 1780188082328 | Code: 109429
2026-05-30 19:39:53,828 [ERROR] LRMC - BingX API Error: over 20 error code:109400 requests within 480000 ms for this api, please verify and fix it ,can retry after time: 1780188072664 | Code: 109429
2026-05-30 19:39:56,739 [ERROR] LRMC - BingX API Error: over 20 error code:109400 requests within 480000 ms for this api, please verify and fix it ,can retry after time: 1780188082328 | Code: 109429
2026-05-30 19:39:56,739 [ERROR] LRMC - [TP1] FAILED: Max retries exceeded
2026-05-30 19:39:57,039 [ERROR] LRMC - BingX API Error: over 20 error code:109400 requests within 480000 ms for this api, please verify and fix it ,can retry after time: 1780188082328 | Code: 109429
2026-05-30 19:39:58,954 [ERROR] LRMC - BingX API Error: over 20 error code:109400 requests within 480000 ms for this api, please verify and fix it ,can retry after time: 1780188072664 | Code: 109429
2026-05-30 19:40:01,829 [ERROR] LRMC - BingX API Error: over 20 error code:109400 requests within 480000 ms for this api, please verify and fix it ,can retry after time: 1780188072664 | Code: 109429
2026-05-30 19:40:01,830 [ERROR] LRMC - [TP2] FAILED: Max retries exceeded
2026-05-30 19:40:02,709 [ERROR] LRMC - BingX API Error: over 20 error code:109400 requests within 480000 ms for this api, please verify and fix it ,can retry after time: 1780188072664 | Code: 109429
2026-05-30 19:40:04,033 [ERROR] LRMC - BingX API Error: over 20 error code:109400 requests within 480000 ms for this api, please verify and fix it ,can retry after time: 1780188082328 | Code: 109429
2026-05-30 19:40:06,350 [ERROR] LRMC - BingX API Error: over 20 error code:109400 requests within 480000 ms for this api, please verify and fix it ,can retry after time: 1780188072664 | Code: 109429
2026-05-30 19:40:06,351 [ERROR] LRMC - [TP3] FAILED: Max retries exceeded
2026-05-30 19:40:07,552 [ERROR] LRMC - BingX API Error: over 20 error code:109400 requests within 480000 ms for this api, please verify and fix it ,can retry after time: 1780188082328 | Code: 109429
2026-05-30 19:40:09,455 [ERROR] LRMC - BingX API Error: over 20 error code:109400 requests within 480000 ms for this api, please verify and fix it ,can retry after time: 1780188072664 | Code: 109429
2026-05-30 19:40:11,771 [ERROR] LRMC - BingX API Error: over 20 error code:109400 requests within 480000 ms for this api, please verify and fix it ,can retry after time: 1780188082328 | Code: 109429
2026-05-30 19:40:11,773 [ERROR] LRMC - [SL] FAILED to place SL: Max retries exceeded
2026-05-30 19:40:12,082 [ERROR] LRMC - BingX API Error: over 20 error code:109400 requests within 480000 ms for this api, please verify and fix it ,can retry after time: 1780188082328 | Code: 109429
2026-05-30 19:40:13,985 [ERROR] LRMC - BingX API Error: over 20 error code:109400 requests within 480000 ms for this api, please verify and fix it ,can retry after time: 1780188082328 | Code: 109429
2026-05-30 19:40:16,298 [ERROR] LRMC - BingX API Error: over 20 error code:109400 requests within 480000 ms for this api, please verify and fix it ,can retry after time: 1780188072664 | Code: 109429
2026-05-30 19:40:16,298 [ERROR] LRMC - [TP1] FAILED: Max retries exceeded
2026-05-30 19:40:16,610 [ERROR] LRMC - BingX API Error: over 20 error code:109400 requests within 480000 ms for this api, please verify and fix it ,can retry after time: 1780188072664 | Code: 109429
2026-05-30 19:40:18,490 [ERROR] LRMC - BingX API Error: over 20 error code:109400 requests within 480000 ms for this api, please verify and fix it ,can retry after time: 1780188072664 | Code: 109429
2026-05-30 19:40:21,401 [ERROR] LRMC - BingX API Error: over 20 error code:109400 requests within 480000 ms for this api, please verify and fix it ,can retry after time: 1780188072664 | Code: 109429
2026-05-30 19:40:21,401 [ERROR] LRMC - [TP2] FAILED: Max retries exceeded
2026-05-30 19:40:22,296 [ERROR] LRMC - BingX API Error: over 20 error code:109400 requests within 480000 ms for this api, please verify and fix it ,can retry after time: 1780188082328 | Code: 109429
2026-05-30 19:40:24,285 [ERROR] LRMC - BingX API Error: over 20 error code:109400 requests within 480000 ms for this api, please verify and fix it ,can retry after time: 1780188082328 | Code: 109429
2026-05-30 19:40:27,147 [ERROR] LRMC - BingX API Error: over 20 error code:109400 requests within 480000 ms for this api, please verify and fix it ,can retry after time: 1780188072664 | Code: 109429
2026-05-30 19:40:27,147 [ERROR] LRMC - [TP3] FAILED: Max retries exceeded
2026-05-30 19:40:27,741 [ERROR] LRMC - BingX API Error: over 20 error code:109400 requests within 480000 ms for this api, please verify and fix it ,can retry after time: 1780188072664 | Code: 109429
2026-05-30 19:40:29,634 [ERROR] LRMC - BingX API Error: over 20 error code:109400 requests within 480000 ms for this api, please verify and fix it ,can retry after time: 1780188082328 | Code: 109429
2026-05-30 19:40:32,537 [ERROR] LRMC - BingX API Error: over 20 error code:109400 requests within 480000 ms for this api, please verify and fix it ,can retry after time: 1780188082328 | Code: 109429
2026-05-30 19:40:32,538 [ERROR] LRMC - [SL] FAILED to place SL: Max retries exceeded
2026-05-30 19:40:33,423 [ERROR] LRMC - BingX API Error: over 20 error code:109400 requests within 480000 ms for this api, please verify and fix it ,can retry after time: 1780188082328 | Code: 109429
2026-05-30 19:40:35,312 [ERROR] LRMC - BingX API Error: over 20 error code:109400 requests within 480000 ms for this api, please verify and fix it ,can retry after time: 1780188072664 | Code: 109429
2026-05-30 19:40:37,632 [ERROR] LRMC - BingX API Error: over 20 error code:109400 requests within 480000 ms for this api, please verify and fix it ,can retry after time: 1780188072664 | Code: 109429
2026-05-30 19:40:37,632 [ERROR] LRMC - [TP1] FAILED: Max retries exceeded
2026-05-30 19:40:38,503 [ERROR] LRMC - BingX API Error: over 20 error code:109400 requests within 480000 ms for this api, please verify and fix it ,can retry after time: 1780188072664 | Code: 109429
2026-05-30 19:40:40,406 [ERROR] LRMC - BingX API Error: over 20 error code:109400 requests within 480000 ms for this api, please verify and fix it ,can retry after time: 1780188072664 | Code: 109429
2026-05-30 19:40:43,289 [ERROR] LRMC - BingX API Error: over 20 error code:109400 requests within 480000 ms for this api, please verify and fix it ,can retry after time: 1780188082328 | Code: 109429
2026-05-30 19:40:43,290 [ERROR] LRMC - [TP2] FAILED: Max retries exceeded
2026-05-30 19:40:43,600 [ERROR] LRMC - BingX API Error: over 20 error code:109400 requests within 480000 ms for this api, please verify and fix it ,can retry after time: 1780188072664 | Code: 109429
2026-05-30 19:40:45,490 [ERROR] LRMC - BingX API Error: over 20 error code:109400 requests within 480000 ms for this api, please verify and fix it ,can retry after time: 1780188072664 | Code: 109429
2026-05-30 19:40:48,374 [ERROR] LRMC - BingX API Error: over 20 error code:109400 requests within 480000 ms for this api, please verify and fix it ,can retry after time: 1780188072664 | Code: 109429
2026-05-30 19:40:48,374 [ERROR] LRMC - [TP3] FAILED: Max retries exceeded
2026-05-30 19:40:49,570 [ERROR] LRMC - BingX API Error: over 20 error code:109400 requests within 480000 ms for this api, please verify and fix it ,can retry after time: 1780188082328 | Code: 109429
2026-05-30 19:40:51,444 [ERROR] LRMC - BingX API Error: over 20 error code:109400 requests within 480000 ms for this api, please verify and fix it ,can retry after time: 1780188082328 | Code: 109429
2026-05-30 19:40:54,332 [ERROR] LRMC - BingX API Error: over 20 error code:109400 requests within 480000 ms for this api, please verify and fix it ,can retry after time: 1780188072664 | Code: 109429
2026-05-30 19:40:54,332 [ERROR] LRMC - [SL] FAILED to place SL: Max retries exceeded
2026-05-30 19:40:54,634 [ERROR] LRMC - BingX API Error: over 20 error code:109400 requests within 480000 ms for this api, please verify and fix it ,can retry after time: 1780188072664 | Code: 109429
2026-05-30 19:40:56,552 [ERROR] LRMC - BingX API Error: over 20 error code:109400 requests within 480000 ms for this api, please verify and fix it ,can retry after time: 1780188082328 | Code: 109429
2026-05-30 19:40:58,872 [ERROR] LRMC - BingX API Error: over 20 error code:109400 requests within 480000 ms for this api, please verify and fix it ,can retry after time: 1780188072664 | Code: 109429
2026-05-30 19:40:58,872 [ERROR] LRMC - [TP1] FAILED: Max retries exceeded
2026-05-30 19:40:59,716 [ERROR] LRMC - BingX API Error: over 20 error code:109400 requests within 480000 ms for this api, please verify and fix it ,can retry after time: 1780188082328 | Code: 109429
2026-05-30 19:41:01,606 [ERROR] LRMC - BingX API Error: over 20 error code:109400 requests within 480000 ms for this api, please verify and fix it ,can retry after time: 1780188072664 | Code: 109429
2026-05-30 19:41:04,518 [ERROR] LRMC - BingX API Error: over 20 error code:109400 requests within 480000 ms for this api, please verify and fix it ,can retry after time: 1780188082328 | Code: 109429
2026-05-30 19:41:04,518 [ERROR] LRMC - [TP2] FAILED: Max retries exceeded
2026-05-30 19:41:05,403 [ERROR] LRMC - BingX API Error: over 20 error code:109400 requests within 480000 ms for this api, please verify and fix it ,can retry after time: 1780188082328 | Code: 109429
2026-05-30 19:41:07,316 [ERROR] LRMC - BingX API Error: over 20 error code:109400 requests within 480000 ms for this api, please verify and fix it ,can retry after time: 1780188072664 | Code: 109429
2026-05-30 19:41:10,207 [ERROR] LRMC - BingX API Error: over 20 error code:109400 requests within 480000 ms for this api, please verify and fix it ,can retry after time: 1780188082328 | Code: 109429
2026-05-30 19:41:10,207 [ERROR] LRMC - [TP3] FAILED: Max retries exceeded
2026-05-30 19:41:11,393 [ERROR] LRMC - BingX API Error: over 20 error code:109400 requests within 480000 ms for this api, please verify and fix it ,can retry after time: 1780188082328 | Code: 109429
2026-05-30 19:41:13,286 [ERROR] LRMC - BingX API Error: In the Hedge mode, the 'ReduceOnly' field can not be filled. | Code: 109400
2026-05-30 19:41:16,156 [ERROR] LRMC - BingX API Error: In the Hedge mode, the 'ReduceOnly' field can not be filled. | Code: 109400
2026-05-30 19:41:16,156 [ERROR] LRMC - [SL] FAILED to place SL: Max retries exceeded
2026-05-30 19:41:16,454 [ERROR] LRMC - BingX API Error: over 20 error code:109400 requests within 480000 ms for this api, please verify and fix it ,can retry after time: 1780188082328 | Code: 109429
2026-05-30 19:41:18,324 [ERROR] LRMC - BingX API Error: over 20 error code:109400 requests within 480000 ms for this api, please verify and fix it ,can retry after time: 1780188082328 | Code: 109429
2026-05-30 19:41:21,331 [ERROR] LRMC - BingX API Error: In the Hedge mode, the 'ReduceOnly' field can not be filled. | Code: 109400
2026-05-30 19:41:21,331 [ERROR] LRMC - [TP1] FAILED: Max retries exceeded
2026-05-30 19:41:21,626 [ERROR] LRMC - BingX API Error: over 20 error code:109400 requests within 480000 ms for this api, please verify and fix it ,can retry after time: 1780188082328 | Code: 109429
2026-05-30 19:41:23,538 [ERROR] LRMC - BingX API Error: In the Hedge mode, the 'ReduceOnly' field can not be filled. | Code: 109400
2026-05-30 19:41:25,844 [ERROR] LRMC - BingX API Error: In the Hedge mode, the 'ReduceOnly' field can not be filled. | Code: 109400
2026-05-30 19:41:25,844 [ERROR] LRMC - [TP2] FAILED: Max retries exceeded
2026-05-30 19:41:26,145 [ERROR] LRMC - BingX API Error: In the Hedge mode, the 'ReduceOnly' field can not be filled. | Code: 109400
2026-05-30 19:41:28,050 [ERROR] LRMC - BingX API Error: In the Hedge mode, the 'ReduceOnly' field can not be filled. | Code: 109400
2026-05-30 19:41:30,947 [ERROR] LRMC - BingX API Error: In the Hedge mode, the 'ReduceOnly' field can not be filled. | Code: 109400
2026-05-30 19:41:30,948 [ERROR] LRMC - [TP3] FAILED: Max retries exceeded
2026-05-30 19:42:37,863 [ERROR] LRMC - WebSocket connection error: no close frame received or sent. Reconnecting in 2s...
2026-05-30 19:42:40,923 [ERROR] LRMC - BingX API Error: Unknown error | Code: None
2026-05-30 19:42:42,226 [ERROR] LRMC - BingX API Error: Unknown error | Code: None
2026-05-30 19:42:44,521 [ERROR] LRMC - BingX API Error: Unknown error | Code: None
2026-05-30 19:47:47,108 [ERROR] LRMC - WebSocket connection error: no close frame received or sent. Reconnecting in 2s...
2026-05-30 19:47:50,156 [ERROR] LRMC - BingX API Error: Unknown error | Code: None
2026-05-30 19:47:52,029 [ERROR] LRMC - BingX API Error: Unknown error | Code: None
2026-05-30 19:47:54,322 [ERROR] LRMC - BingX API Error: Unknown error | Code: None
2026-05-30 19:52:57,087 [ERROR] LRMC - WebSocket connection error: no close frame received or sent. Reconnecting in 2s...
2026-05-30 19:53:00,120 [ERROR] LRMC - BingX API Error: Unknown error | Code: None
2026-05-30 19:53:01,440 [ERROR] LRMC - BingX API Error: Unknown error | Code: None
2026-05-30 19:53:03,750 [ERROR] LRMC - BingX API Error: Unknown error | Code: None
2026-05-30 19:58:06,336 [ERROR] LRMC - WebSocket connection error: no close frame received or sent. Reconnecting in 2s...
2026-05-30 19:58:09,404 [ERROR] LRMC - BingX API Error: Unknown error | Code: None
2026-05-30 19:58:11,275 [ERROR] LRMC - BingX API Error: Unknown error | Code: None
2026-05-30 19:58:13,571 [ERROR] LRMC - BingX API Error: Unknown error | Code: None
2026-05-30 20:03:16,089 [ERROR] LRMC - WebSocket connection error: no close frame received or sent. Reconnecting in 2s...
2026-05-30 20:03:19,176 [ERROR] LRMC - BingX API Error: Unknown error | Code: None
2026-05-30 20:03:21,068 [ERROR] LRMC - BingX API Error: Unknown error | Code: None
2026-05-30 20:03:23,963 [ERROR] LRMC - BingX API Error: Unknown error | Code: None
2026-05-30 20:08:26,580 [ERROR] LRMC - WebSocket connection error: no close frame received or sent. Reconnecting in 2s...
2026-05-30 20:08:29,628 [ERROR] LRMC - BingX API Error: Unknown error | Code: None
2026-05-30 20:08:30,932 [ERROR] LRMC - BingX API Error: Unknown error | Code: None
2026-05-30 20:08:33,230 [ERROR] LRMC - BingX API Error: Unknown error | Code: None
2026-05-30 20:13:35,864 [ERROR] LRMC - WebSocket connection error: no close frame received or sent. Reconnecting in 2s...
2026-05-30 20:13:39,079 [ERROR] LRMC - BingX API Error: Unknown error | Code: None
2026-05-30 20:13:40,389 [ERROR] LRMC - BingX API Error: Unknown error | Code: None
2026-05-30 20:13:43,256 [ERROR] LRMC - BingX API Error: Unknown error | Code: None
2026-05-30 20:17:56,380 [ERROR] LRMC - BingX API Error: over 20 error code:109400 requests within 480000 ms for this api, please verify and fix it ,can retry after time: 1780190428590 | Code: 109429
2026-05-30 20:17:56,380 [ERROR] LRMC - API Request Exception (Attempt 1/3): name 're' is not defined
2026-05-30 20:17:58,246 [ERROR] LRMC - BingX API Error: over 20 error code:109400 requests within 480000 ms for this api, please verify and fix it ,can retry after time: 1780190502222 | Code: 109429
2026-05-30 20:17:58,246 [ERROR] LRMC - API Request Exception (Attempt 2/3): name 're' is not defined
2026-05-30 20:18:01,145 [ERROR] LRMC - BingX API Error: over 20 error code:109400 requests within 480000 ms for this api, please verify and fix it ,can retry after time: 1780190428590 | Code: 109429
2026-05-30 20:18:01,145 [ERROR] LRMC - API Request Exception (Attempt 3/3): name 're' is not defined
2026-05-30 20:18:01,146 [ERROR] LRMC - [SL] FAILED to place SL: Max retries exceeded
2026-05-30 20:18:01,450 [ERROR] LRMC - BingX API Error: over 20 error code:109400 requests within 480000 ms for this api, please verify and fix it ,can retry after time: 1780190502222 | Code: 109429
2026-05-30 20:18:01,450 [ERROR] LRMC - API Request Exception (Attempt 1/3): name 're' is not defined
2026-05-30 20:18:03,344 [ERROR] LRMC - BingX API Error: over 20 error code:109400 requests within 480000 ms for this api, please verify and fix it ,can retry after time: 1780190502222 | Code: 109429
2026-05-30 20:18:03,344 [ERROR] LRMC - API Request Exception (Attempt 2/3): name 're' is not defined
2026-05-30 20:18:06,229 [ERROR] LRMC - BingX API Error: over 20 error code:109400 requests within 480000 ms for this api, please verify and fix it ,can retry after time: 1780190502222 | Code: 109429
2026-05-30 20:18:06,229 [ERROR] LRMC - API Request Exception (Attempt 3/3): name 're' is not defined
2026-05-30 20:18:06,229 [ERROR] LRMC - [TP1] FAILED: Max retries exceeded
2026-05-30 20:18:06,536 [ERROR] LRMC - BingX API Error: over 20 error code:109400 requests within 480000 ms for this api, please verify and fix it ,can retry after time: 1780190428590 | Code: 109429
2026-05-30 20:18:06,536 [ERROR] LRMC - API Request Exception (Attempt 1/3): name 're' is not defined
2026-05-30 20:18:07,851 [ERROR] LRMC - BingX API Error: over 20 error code:109400 requests within 480000 ms for this api, please verify and fix it ,can retry after time: 1780190502222 | Code: 109429
2026-05-30 20:18:07,852 [ERROR] LRMC - API Request Exception (Attempt 2/3): name 're' is not defined
2026-05-30 20:18:10,155 [ERROR] LRMC - BingX API Error: over 20 error code:109400 requests within 480000 ms for this api, please verify and fix it ,can retry after time: 1780190502222 | Code: 109429
2026-05-30 20:18:10,155 [ERROR] LRMC - API Request Exception (Attempt 3/3): name 're' is not defined
2026-05-30 20:18:10,155 [ERROR] LRMC - [TP2] FAILED: Max retries exceeded
2026-05-30 20:18:10,462 [ERROR] LRMC - BingX API Error: over 20 error code:109400 requests within 480000 ms for this api, please verify and fix it ,can retry after time: 1780190428590 | Code: 109429
2026-05-30 20:18:10,462 [ERROR] LRMC - API Request Exception (Attempt 1/3): name 're' is not defined
2026-05-30 20:18:12,611 [ERROR] LRMC - BingX API Error: over 20 error code:109400 requests within 480000 ms for this api, please verify and fix it ,can retry after time: 1780190502222 | Code: 109429
2026-05-30 20:18:12,612 [ERROR] LRMC - API Request Exception (Attempt 2/3): name 're' is not defined
2026-05-30 20:18:15,522 [ERROR] LRMC - BingX API Error: over 20 error code:109400 requests within 480000 ms for this api, please verify and fix it ,can retry after time: 1780190502222 | Code: 109429
2026-05-30 20:18:15,522 [ERROR] LRMC - API Request Exception (Attempt 3/3): name 're' is not defined
2026-05-30 20:18:15,522 [ERROR] LRMC - [TP3] FAILED: Max retries exceeded
2026-05-30 20:18:45,759 [ERROR] LRMC - WebSocket connection error: no close frame received or sent. Reconnecting in 2s...
2026-05-30 20:18:48,779 [ERROR] LRMC - BingX API Error: Unknown error | Code: None
2026-05-30 20:18:50,660 [ERROR] LRMC - BingX API Error: Unknown error | Code: None
2026-05-30 20:18:52,968 [ERROR] LRMC - BingX API Error: Unknown error | Code: None
2026-05-30 20:23:55,479 [ERROR] LRMC - WebSocket connection error: no close frame received or sent. Reconnecting in 2s...
2026-05-30 20:23:58,498 [ERROR] LRMC - BingX API Error: Unknown error | Code: None
2026-05-30 20:23:59,790 [ERROR] LRMC - BingX API Error: Unknown error | Code: None
2026-05-30 20:24:02,691 [ERROR] LRMC - BingX API Error: Unknown error | Code: None
2026-05-30 20:29:05,018 [ERROR] LRMC - WebSocket connection error: no close frame received or sent. Reconnecting in 2s...
2026-05-30 20:29:08,059 [ERROR] LRMC - BingX API Error: Unknown error | Code: None
2026-05-30 20:29:09,929 [ERROR] LRMC - BingX API Error: Unknown error | Code: None
2026-05-30 20:29:12,236 [ERROR] LRMC - BingX API Error: Unknown error | Code: None
2026-05-30 20:31:48,725 [ERROR] LRMC - BingX API Error: In the Hedge mode, the 'ReduceOnly' field can not be filled. | Code: 109400
2026-05-30 20:31:50,643 [ERROR] LRMC - BingX API Error: In the Hedge mode, the 'ReduceOnly' field can not be filled. | Code: 109400
2026-05-30 20:31:53,538 [ERROR] LRMC - BingX API Error: In the Hedge mode, the 'ReduceOnly' field can not be filled. | Code: 109400
2026-05-30 20:31:53,538 [ERROR] LRMC - [SL] FAILED to place SL: Max retries exceeded
2026-05-30 20:31:54,430 [ERROR] LRMC - BingX API Error: over 20 error code:109400 requests within 480000 ms for this api, please verify and fix it ,can retry after time: 1780191544531 | Code: 109429
2026-05-30 20:31:54,431 [ERROR] LRMC - [PENALTY BOX] API banned by BingX. Sleeping for 430.1 seconds to let the ban expire...
2026-05-30 20:31:54,432 [ERROR] LRMC - API Request Exception (Attempt 1/3): cannot access local variable 'asyncio' where it is not associated with a value
2026-05-30 20:31:55,760 [ERROR] LRMC - BingX API Error: In the Hedge mode, the 'ReduceOnly' field can not be filled. | Code: 109400
2026-05-30 20:31:58,636 [ERROR] LRMC - BingX API Error: over 20 error code:109400 requests within 480000 ms for this api, please verify and fix it ,can retry after time: 1780191544531 | Code: 109429
2026-05-30 20:31:58,637 [ERROR] LRMC - [PENALTY BOX] API banned by BingX. Sleeping for 425.9 seconds to let the ban expire...
2026-05-30 20:34:14,781 [ERROR] LRMC - WebSocket connection error: no close frame received or sent. Reconnecting in 2s...
2026-05-30 20:34:17,863 [ERROR] LRMC - BingX API Error: Unknown error | Code: None
2026-05-30 20:34:19,176 [ERROR] LRMC - BingX API Error: Unknown error | Code: None
2026-05-30 20:34:21,479 [ERROR] LRMC - BingX API Error: Unknown error | Code: None
2026-05-30 20:36:40,439 [ERROR] LRMC - BingX API Error: over 20 error code:109400 requests within 480000 ms for this api, please verify and fix it ,can retry after time: 1780191544531 | Code: 109429
2026-05-30 20:36:40,440 [ERROR] LRMC - [PENALTY BOX] API banned by BingX. Sleeping for 144.1 seconds to let the ban expire...
2026-05-31 22:58:04,622 [ERROR] LRMC - BingX API Error: Invalid parameters, err:incomeType: Key: 'GetIncomeRequest.BaseIncomeInfo.IncomeType' Error:Field validation for 'IncomeType' failed on the 'len=0|oneof=TRANSFER REALIZED_PNL FUNDING_FEE TRADING_FEE INSURANCE_CLEAR TRIAL_FUND ADL SYSTEM_DEDUCTION GTD_PRICE' tag.  | Code: 109400
2026-05-31 22:58:06,504 [ERROR] LRMC - BingX API Error: Invalid parameters, err:incomeType: Key: 'GetIncomeRequest.BaseIncomeInfo.IncomeType' Error:Field validation for 'IncomeType' failed on the 'len=0|oneof=TRANSFER REALIZED_PNL FUNDING_FEE TRADING_FEE INSURANCE_CLEAR TRIAL_FUND ADL SYSTEM_DEDUCTION GTD_PRICE' tag.  | Code: 109400
2026-05-31 22:58:08,824 [ERROR] LRMC - BingX API Error: Invalid parameters, err:incomeType: Key: 'GetIncomeRequest.BaseIncomeInfo.IncomeType' Error:Field validation for 'IncomeType' failed on the 'len=0|oneof=TRANSFER REALIZED_PNL FUNDING_FEE TRADING_FEE INSURANCE_CLEAR TRIAL_FUND ADL SYSTEM_DEDUCTION GTD_PRICE' tag.  | Code: 109400
2026-05-31 22:58:28,708 [ERROR] LRMC - BingX API Error: Incorrect apiKey, please check your valid api key in https://bingx.com/en/account/api | Code: 100413
2026-05-31 22:58:30,561 [ERROR] LRMC - BingX API Error: Incorrect apiKey, please check your valid api key in https://bingx.com/en/account/api | Code: 100413
2026-05-31 22:58:32,882 [ERROR] LRMC - BingX API Error: Incorrect apiKey, please check your valid api key in https://bingx.com/en/account/api | Code: 100413
2026-06-01 22:38:38,885 [ERROR] LRMC - BingX API Error: In the Hedge mode, the 'ReduceOnly' field can not be filled. | Code: 109400
2026-06-01 22:38:40,204 [ERROR] LRMC - BingX API Error: over 20 error code:109400 requests within 480000 ms for this api, please verify and fix it ,can retry after time: 1780371631568 | Code: 109429
2026-06-01 22:38:40,204 [ERROR] LRMC - [PENALTY BOX] API banned by BingX. Sleeping for 111.4 seconds to let the ban expire...
2026-06-01 23:34:25,885 [ERROR] LRMC - BingX API Error: over 20 error code:109400 requests within 480000 ms for this api, please verify and fix it ,can retry after time: 1780375062911 | Code: 109429
2026-06-01 23:34:25,890 [ERROR] LRMC - [PENALTY BOX] API banned by BingX. Sleeping for 197.0 seconds to let the ban expire...
2026-06-01 23:37:45,320 [ERROR] LRMC - BingX API Error: position not exist | Code: 109420
2026-06-01 23:37:47,650 [ERROR] LRMC - BingX API Error: position not exist | Code: 109420
2026-06-01 23:37:47,978 [ERROR] LRMC - BingX API Error: position not exist | Code: 109420
2026-06-01 23:37:50,186 [ERROR] LRMC - BingX API Error: position not exist | Code: 109420
2026-06-01 23:37:53,070 [ERROR] LRMC - BingX API Error: position not exist | Code: 109420
2026-06-01 23:37:53,981 [ERROR] LRMC - BingX API Error: position not exist | Code: 109420
2026-06-01 23:37:55,881 [ERROR] LRMC - BingX API Error: position not exist | Code: 109420
2026-06-01 23:37:58,218 [ERROR] LRMC - BingX API Error: position not exist | Code: 109420
2026-06-01 23:37:59,346 [ERROR] LRMC - BingX API Error: position not exist | Code: 109420
2026-06-01 23:38:00,665 [ERROR] LRMC - BingX API Error: position not exist | Code: 109420
2026-06-01 23:38:03,560 [ERROR] LRMC - BingX API Error: position not exist | Code: 109420
2026-06-04 20:03:23,712 [ERROR] LRMC - BingX API Error: In the Hedge mode, the 'ReduceOnly' field can not be filled. | Code: 109400
2026-06-04 20:03:25,037 [ERROR] LRMC - BingX API Error: In the Hedge mode, the 'ReduceOnly' field can not be filled. | Code: 109400
2026-06-04 20:03:28,167 [ERROR] LRMC - BingX API Error: In the Hedge mode, the 'ReduceOnly' field can not be filled. | Code: 109400
2026-06-04 20:03:28,168 [ERROR] LRMC - Failed to close position: Max retries exceeded
2026-06-04 20:40:41,755 [ERROR] LRMC - BingX API Error: Order price should be higher than 350.76 | Code: 101211
2026-06-04 20:40:41,755 [ERROR] LRMC - [ENTRY] Failed to place order: Order price should be higher than 350.76
2026-06-04 20:40:58,871 [ERROR] LRMC - [ETH-USDT] Error in _on_closed_candle: 'MockBingXClient' object has no attribute 'set_leverage'
2026-06-05 04:49:58,764 [ERROR] LRMC - BingX API Error: Unknown error | Code: None
2026-06-05 04:50:00,085 [ERROR] LRMC - BingX API Error: Unknown error | Code: None
2026-06-05 04:50:02,378 [ERROR] LRMC - BingX API Error: Unknown error | Code: None
2026-06-06 17:02:18,882 [ERROR] LRMC - BingX API Error on https://open-api-vst.bingx.com/openApi/user/auth/userDataStream: Unknown error | Code: None | Raw: {'listenKey': '7db81638f2cabb2cd28f61b2ee9b596074262470fc33445e3a2a8597ec035c1e'}
2026-06-06 17:02:20,743 [ERROR] LRMC - BingX API Error on https://open-api-vst.bingx.com/openApi/user/auth/userDataStream: Unknown error | Code: None | Raw: {'listenKey': '7db81638f2cabb2cd28f61b2ee9b596074262470fc33445e3a2a8597ec035c1e'}
2026-06-06 17:02:23,040 [ERROR] LRMC - BingX API Error on https://open-api-vst.bingx.com/openApi/user/auth/userDataStream: Unknown error | Code: None | Raw: {'listenKey': '7db81638f2cabb2cd28f61b2ee9b596074262470fc33445e3a2a8597ec035c1e'}
