2026-06-20 04:05:18,810 - INFO - SUPERTREND_BOT - Starting SuperTrend EMA Regime MTF Pro Bot...
2026-06-20 04:05:19,634 - ERROR - SUPERTREND_BOT - Failed to load markets: bybit {"retCode":10003,"retMsg":"API key is invalid.","result":{},"retExtInfo":{},"time":1781946320810}
2026-06-20 04:05:19,634 - INFO - SUPERTREND_BOT - SUPERTREND_BOT - [POLL] Escaneando marcos de 15m y 1H para SuperTrend MTF...
2026-06-20 04:05:19,942 - ERROR - SUPERTREND_BOT - Error fetching OHLCV for 15m: bybit {"retCode":10003,"retMsg":"API key is invalid.","result":{},"retExtInfo":{},"time":1781946321111}
2026-06-20 04:05:20,492 - ERROR - SUPERTREND_BOT - Error fetching OHLCV for 1h: bybit {"retCode":10003,"retMsg":"API key is invalid.","result":{},"retExtInfo":{},"time":1781946321669}
2026-06-20 04:05:20,493 - WARNING - SUPERTREND_BOT - SUPERTREND_BOT - Could not fetch data. Retrying in 60s...
2026-06-20 04:06:20,494 - INFO - SUPERTREND_BOT - SUPERTREND_BOT - [POLL] Escaneando marcos de 15m y 1H para SuperTrend MTF...
2026-06-20 04:06:20,797 - ERROR - SUPERTREND_BOT - Error fetching OHLCV for 15m: bybit {"retCode":10003,"retMsg":"API key is invalid.","result":{},"retExtInfo":{},"time":1781946381967}
2026-06-20 04:06:21,361 - ERROR - SUPERTREND_BOT - Error fetching OHLCV for 1h: bybit {"retCode":10003,"retMsg":"API key is invalid.","result":{},"retExtInfo":{},"time":1781946382531}
2026-06-20 04:06:21,361 - WARNING - SUPERTREND_BOT - SUPERTREND_BOT - Could not fetch data. Retrying in 60s...
2026-06-20 04:07:21,362 - INFO - SUPERTREND_BOT - SUPERTREND_BOT - [POLL] Escaneando marcos de 15m y 1H para SuperTrend MTF...
2026-06-20 04:07:21,659 - ERROR - SUPERTREND_BOT - Error fetching OHLCV for 15m: bybit {"retCode":10003,"retMsg":"API key is invalid.","result":{},"retExtInfo":{},"time":1781946442833}
2026-06-20 04:07:22,223 - ERROR - SUPERTREND_BOT - Error fetching OHLCV for 1h: bybit {"retCode":10003,"retMsg":"API key is invalid.","result":{},"retExtInfo":{},"time":1781946443398}
2026-06-20 04:07:22,223 - WARNING - SUPERTREND_BOT - SUPERTREND_BOT - Could not fetch data. Retrying in 60s...
2026-06-20 04:08:22,225 - INFO - SUPERTREND_BOT - SUPERTREND_BOT - [POLL] Escaneando marcos de 15m y 1H para SuperTrend MTF...
2026-06-20 04:08:23,076 - ERROR - SUPERTREND_BOT - Error fetching OHLCV for 15m: bybit {"retCode":10003,"retMsg":"API key is invalid.","result":{},"retExtInfo":{},"time":1781946504251}
2026-06-20 04:08:23,946 - ERROR - SUPERTREND_BOT - Error fetching OHLCV for 1h: bybit {"retCode":10003,"retMsg":"API key is invalid.","result":{},"retExtInfo":{},"time":1781946505120}
2026-06-20 04:08:23,946 - WARNING - SUPERTREND_BOT - SUPERTREND_BOT - Could not fetch data. Retrying in 60s...
2026-06-20 04:09:23,948 - INFO - SUPERTREND_BOT - SUPERTREND_BOT - [POLL] Escaneando marcos de 15m y 1H para SuperTrend MTF...
2026-06-20 04:09:24,818 - ERROR - SUPERTREND_BOT - Error fetching OHLCV for 15m: bybit {"retCode":10003,"retMsg":"API key is invalid.","result":{},"retExtInfo":{},"time":1781946565989}
2026-06-20 04:09:25,661 - ERROR - SUPERTREND_BOT - Error fetching OHLCV for 1h: bybit {"retCode":10003,"retMsg":"API key is invalid.","result":{},"retExtInfo":{},"time":1781946566839}
2026-06-20 04:09:25,661 - WARNING - SUPERTREND_BOT - SUPERTREND_BOT - Could not fetch data. Retrying in 60s...
2026-06-20 04:10:25,662 - INFO - SUPERTREND_BOT - SUPERTREND_BOT - [POLL] Escaneando marcos de 15m y 1H para SuperTrend MTF...
2026-06-20 04:10:26,527 - ERROR - SUPERTREND_BOT - Error fetching OHLCV for 15m: bybit {"retCode":10003,"retMsg":"API key is invalid.","result":{},"retExtInfo":{},"time":1781946627704}
2026-06-20 04:10:27,388 - ERROR - SUPERTREND_BOT - Error fetching OHLCV for 1h: bybit {"retCode":10003,"retMsg":"API key is invalid.","result":{},"retExtInfo":{},"time":1781946628581}
2026-06-20 04:10:27,388 - WARNING - SUPERTREND_BOT - SUPERTREND_BOT - Could not fetch data. Retrying in 60s...
2026-06-20 04:11:27,402 - INFO - SUPERTREND_BOT - SUPERTREND_BOT - [POLL] Escaneando marcos de 15m y 1H para SuperTrend MTF...
2026-06-20 04:11:28,272 - ERROR - SUPERTREND_BOT - Error fetching OHLCV for 15m: bybit {"retCode":10003,"retMsg":"API key is invalid.","result":{},"retExtInfo":{},"time":1781946689451}
2026-06-20 04:11:28,573 - ERROR - SUPERTREND_BOT - Error fetching OHLCV for 1h: bybit {"retCode":10003,"retMsg":"API key is invalid.","result":{},"retExtInfo":{},"time":1781946689755}
2026-06-20 04:11:28,573 - WARNING - SUPERTREND_BOT - SUPERTREND_BOT - Could not fetch data. Retrying in 60s...
2026-06-20 04:12:28,575 - INFO - SUPERTREND_BOT - SUPERTREND_BOT - [POLL] Escaneando marcos de 15m y 1H para SuperTrend MTF...
2026-06-20 04:12:28,869 - ERROR - SUPERTREND_BOT - Error fetching OHLCV for 15m: bybit {"retCode":10003,"retMsg":"API key is invalid.","result":{},"retExtInfo":{},"time":1781946750050}
2026-06-20 04:12:29,428 - ERROR - SUPERTREND_BOT - Error fetching OHLCV for 1h: bybit {"retCode":10003,"retMsg":"API key is invalid.","result":{},"retExtInfo":{},"time":1781946750610}
2026-06-20 04:12:29,428 - WARNING - SUPERTREND_BOT - SUPERTREND_BOT - Could not fetch data. Retrying in 60s...
2026-06-20 04:13:29,430 - INFO - SUPERTREND_BOT - SUPERTREND_BOT - [POLL] Escaneando marcos de 15m y 1H para SuperTrend MTF...
2026-06-20 04:13:30,269 - ERROR - SUPERTREND_BOT - Error fetching OHLCV for 15m: bybit {"retCode":10003,"retMsg":"API key is invalid.","result":{},"retExtInfo":{},"time":1781946811453}
2026-06-20 04:13:30,559 - ERROR - SUPERTREND_BOT - Error fetching OHLCV for 1h: bybit {"retCode":10003,"retMsg":"API key is invalid.","result":{},"retExtInfo":{},"time":1781946811742}
2026-06-20 04:13:30,559 - WARNING - SUPERTREND_BOT - SUPERTREND_BOT - Could not fetch data. Retrying in 60s...
2026-06-20 04:14:30,561 - INFO - SUPERTREND_BOT - SUPERTREND_BOT - [POLL] Escaneando marcos de 15m y 1H para SuperTrend MTF...
2026-06-20 04:14:30,855 - ERROR - SUPERTREND_BOT - Error fetching OHLCV for 15m: bybit {"retCode":10003,"retMsg":"API key is invalid.","result":{},"retExtInfo":{},"time":1781946872036}
2026-06-20 04:14:31,984 - ERROR - SUPERTREND_BOT - Error fetching OHLCV for 1h: bybit {"retCode":10003,"retMsg":"API key is invalid.","result":{},"retExtInfo":{},"time":1781946873167}
2026-06-20 04:14:31,984 - WARNING - SUPERTREND_BOT - SUPERTREND_BOT - Could not fetch data. Retrying in 60s...
2026-06-20 04:15:31,985 - INFO - SUPERTREND_BOT - SUPERTREND_BOT - [POLL] Escaneando marcos de 15m y 1H para SuperTrend MTF...
2026-06-20 04:15:32,280 - ERROR - SUPERTREND_BOT - Error fetching OHLCV for 15m: bybit {"retCode":10003,"retMsg":"API key is invalid.","result":{},"retExtInfo":{},"time":1781946933456}
2026-06-20 04:15:33,427 - ERROR - SUPERTREND_BOT - Error fetching OHLCV for 1h: bybit {"retCode":10003,"retMsg":"API key is invalid.","result":{},"retExtInfo":{},"time":1781946934601}
2026-06-20 04:15:33,427 - WARNING - SUPERTREND_BOT - SUPERTREND_BOT - Could not fetch data. Retrying in 60s...
2026-06-20 04:16:33,428 - INFO - SUPERTREND_BOT - SUPERTREND_BOT - [POLL] Escaneando marcos de 15m y 1H para SuperTrend MTF...
2026-06-20 04:16:33,726 - ERROR - SUPERTREND_BOT - Error fetching OHLCV for 15m: bybit {"retCode":10003,"retMsg":"API key is invalid.","result":{},"retExtInfo":{},"time":1781946994909}
2026-06-20 04:16:34,285 - ERROR - SUPERTREND_BOT - Error fetching OHLCV for 1h: bybit {"retCode":10003,"retMsg":"API key is invalid.","result":{},"retExtInfo":{},"time":1781946995469}
2026-06-20 04:16:34,285 - WARNING - SUPERTREND_BOT - SUPERTREND_BOT - Could not fetch data. Retrying in 60s...
2026-06-20 04:17:34,286 - INFO - SUPERTREND_BOT - SUPERTREND_BOT - [POLL] Escaneando marcos de 15m y 1H para SuperTrend MTF...
2026-06-20 04:17:34,581 - ERROR - SUPERTREND_BOT - Error fetching OHLCV for 15m: bybit {"retCode":10003,"retMsg":"API key is invalid.","result":{},"retExtInfo":{},"time":1781947055761}
2026-06-20 04:17:35,722 - ERROR - SUPERTREND_BOT - Error fetching OHLCV for 1h: bybit {"retCode":10003,"retMsg":"API key is invalid.","result":{},"retExtInfo":{},"time":1781947056905}
2026-06-20 04:17:35,722 - WARNING - SUPERTREND_BOT - SUPERTREND_BOT - Could not fetch data. Retrying in 60s...
2026-06-20 04:18:35,722 - INFO - SUPERTREND_BOT - SUPERTREND_BOT - [POLL] Escaneando marcos de 15m y 1H para SuperTrend MTF...
2026-06-20 04:18:36,583 - ERROR - SUPERTREND_BOT - Error fetching OHLCV for 15m: bybit {"retCode":10003,"retMsg":"API key is invalid.","result":{},"retExtInfo":{},"time":1781947117761}
2026-06-20 04:18:36,879 - ERROR - SUPERTREND_BOT - Error fetching OHLCV for 1h: bybit {"retCode":10003,"retMsg":"API key is invalid.","result":{},"retExtInfo":{},"time":1781947118060}
2026-06-20 04:18:36,879 - WARNING - SUPERTREND_BOT - SUPERTREND_BOT - Could not fetch data. Retrying in 60s...
2026-06-20 04:19:36,879 - INFO - SUPERTREND_BOT - SUPERTREND_BOT - [POLL] Escaneando marcos de 15m y 1H para SuperTrend MTF...
2026-06-20 04:19:37,181 - ERROR - SUPERTREND_BOT - Error fetching OHLCV for 15m: bybit {"retCode":10003,"retMsg":"API key is invalid.","result":{},"retExtInfo":{},"time":1781947178365}
2026-06-20 04:19:37,739 - ERROR - SUPERTREND_BOT - Error fetching OHLCV for 1h: bybit {"retCode":10003,"retMsg":"API key is invalid.","result":{},"retExtInfo":{},"time":1781947178916}
2026-06-20 04:19:37,740 - WARNING - SUPERTREND_BOT - SUPERTREND_BOT - Could not fetch data. Retrying in 60s...
2026-06-20 04:20:37,741 - INFO - SUPERTREND_BOT - SUPERTREND_BOT - [POLL] Escaneando marcos de 15m y 1H para SuperTrend MTF...
2026-06-20 04:20:38,575 - ERROR - SUPERTREND_BOT - Error fetching OHLCV for 15m: bybit {"retCode":10003,"retMsg":"API key is invalid.","result":{},"retExtInfo":{},"time":1781947239762}
2026-06-20 04:20:38,861 - ERROR - SUPERTREND_BOT - Error fetching OHLCV for 1h: bybit {"retCode":10003,"retMsg":"API key is invalid.","result":{},"retExtInfo":{},"time":1781947240048}
2026-06-20 04:20:38,861 - WARNING - SUPERTREND_BOT - SUPERTREND_BOT - Could not fetch data. Retrying in 60s...
2026-06-20 04:21:38,862 - INFO - SUPERTREND_BOT - SUPERTREND_BOT - [POLL] Escaneando marcos de 15m y 1H para SuperTrend MTF...
2026-06-20 04:21:39,162 - ERROR - SUPERTREND_BOT - Error fetching OHLCV for 15m: bybit {"retCode":10003,"retMsg":"API key is invalid.","result":{},"retExtInfo":{},"time":1781947300349}
2026-06-20 04:21:40,293 - ERROR - SUPERTREND_BOT - Error fetching OHLCV for 1h: bybit {"retCode":10003,"retMsg":"API key is invalid.","result":{},"retExtInfo":{},"time":1781947301478}
2026-06-20 04:21:40,294 - WARNING - SUPERTREND_BOT - SUPERTREND_BOT - Could not fetch data. Retrying in 60s...
2026-06-20 04:22:40,295 - INFO - SUPERTREND_BOT - SUPERTREND_BOT - [POLL] Escaneando marcos de 15m y 1H para SuperTrend MTF...
2026-06-20 04:22:40,595 - ERROR - SUPERTREND_BOT - Error fetching OHLCV for 15m: bybit {"retCode":10003,"retMsg":"API key is invalid.","result":{},"retExtInfo":{},"time":1781947361784}
2026-06-20 04:22:41,155 - ERROR - SUPERTREND_BOT - Error fetching OHLCV for 1h: bybit {"retCode":10003,"retMsg":"API key is invalid.","result":{},"retExtInfo":{},"time":1781947362342}
2026-06-20 04:22:41,156 - WARNING - SUPERTREND_BOT - SUPERTREND_BOT - Could not fetch data. Retrying in 60s...
2026-06-20 04:23:41,157 - INFO - SUPERTREND_BOT - SUPERTREND_BOT - [POLL] Escaneando marcos de 15m y 1H para SuperTrend MTF...
2026-06-20 04:23:42,113 - ERROR - SUPERTREND_BOT - Error fetching OHLCV for 15m: bybit {"retCode":10003,"retMsg":"API key is invalid.","result":{},"retExtInfo":{},"time":1781947423297}
2026-06-20 04:23:42,415 - ERROR - SUPERTREND_BOT - Error fetching OHLCV for 1h: bybit {"retCode":10003,"retMsg":"API key is invalid.","result":{},"retExtInfo":{},"time":1781947423600}
2026-06-20 04:23:42,416 - WARNING - SUPERTREND_BOT - SUPERTREND_BOT - Could not fetch data. Retrying in 60s...
2026-06-20 04:24:42,416 - INFO - SUPERTREND_BOT - SUPERTREND_BOT - [POLL] Escaneando marcos de 15m y 1H para SuperTrend MTF...
2026-06-20 04:24:42,716 - ERROR - SUPERTREND_BOT - Error fetching OHLCV for 15m: bybit {"retCode":10003,"retMsg":"API key is invalid.","result":{},"retExtInfo":{},"time":1781947483895}
2026-06-20 04:24:43,279 - ERROR - SUPERTREND_BOT - Error fetching OHLCV for 1h: bybit {"retCode":10003,"retMsg":"API key is invalid.","result":{},"retExtInfo":{},"time":1781947484459}
2026-06-20 04:24:43,279 - WARNING - SUPERTREND_BOT - SUPERTREND_BOT - Could not fetch data. Retrying in 60s...
2026-06-20 04:25:43,279 - INFO - SUPERTREND_BOT - SUPERTREND_BOT - [POLL] Escaneando marcos de 15m y 1H para SuperTrend MTF...
2026-06-20 04:25:43,576 - ERROR - SUPERTREND_BOT - Error fetching OHLCV for 15m: bybit {"retCode":10003,"retMsg":"API key is invalid.","result":{},"retExtInfo":{},"time":1781947544760}
2026-06-20 04:25:44,140 - ERROR - SUPERTREND_BOT - Error fetching OHLCV for 1h: bybit {"retCode":10003,"retMsg":"API key is invalid.","result":{},"retExtInfo":{},"time":1781947545321}
2026-06-20 04:25:44,140 - WARNING - SUPERTREND_BOT - SUPERTREND_BOT - Could not fetch data. Retrying in 60s...
2026-06-20 04:26:44,141 - INFO - SUPERTREND_BOT - SUPERTREND_BOT - [POLL] Escaneando marcos de 15m y 1H para SuperTrend MTF...
2026-06-20 04:26:44,439 - ERROR - SUPERTREND_BOT - Error fetching OHLCV for 15m: bybit {"retCode":10003,"retMsg":"API key is invalid.","result":{},"retExtInfo":{},"time":1781947605625}
2026-06-20 04:26:45,565 - ERROR - SUPERTREND_BOT - Error fetching OHLCV for 1h: bybit {"retCode":10003,"retMsg":"API key is invalid.","result":{},"retExtInfo":{},"time":1781947606746}
2026-06-20 04:26:45,565 - WARNING - SUPERTREND_BOT - SUPERTREND_BOT - Could not fetch data. Retrying in 60s...
2026-06-20 04:27:45,566 - INFO - SUPERTREND_BOT - SUPERTREND_BOT - [POLL] Escaneando marcos de 15m y 1H para SuperTrend MTF...
2026-06-20 04:27:45,860 - ERROR - SUPERTREND_BOT - Error fetching OHLCV for 15m: bybit {"retCode":10003,"retMsg":"API key is invalid.","result":{},"retExtInfo":{},"time":1781947667046}
2026-06-20 04:27:46,421 - ERROR - SUPERTREND_BOT - Error fetching OHLCV for 1h: bybit {"retCode":10003,"retMsg":"API key is invalid.","result":{},"retExtInfo":{},"time":1781947667606}
2026-06-20 04:27:46,421 - WARNING - SUPERTREND_BOT - SUPERTREND_BOT - Could not fetch data. Retrying in 60s...
2026-06-20 04:28:46,422 - INFO - SUPERTREND_BOT - SUPERTREND_BOT - [POLL] Escaneando marcos de 15m y 1H para SuperTrend MTF...
2026-06-20 04:28:47,275 - ERROR - SUPERTREND_BOT - Error fetching OHLCV for 15m: bybit {"retCode":10003,"retMsg":"API key is invalid.","result":{},"retExtInfo":{},"time":1781947728464}
2026-06-20 04:28:47,569 - ERROR - SUPERTREND_BOT - Error fetching OHLCV for 1h: bybit {"retCode":10003,"retMsg":"API key is invalid.","result":{},"retExtInfo":{},"time":1781947728758}
2026-06-20 04:28:47,569 - WARNING - SUPERTREND_BOT - SUPERTREND_BOT - Could not fetch data. Retrying in 60s...
2026-06-20 04:29:47,569 - INFO - SUPERTREND_BOT - SUPERTREND_BOT - [POLL] Escaneando marcos de 15m y 1H para SuperTrend MTF...
2026-06-20 04:29:48,461 - ERROR - SUPERTREND_BOT - Error fetching OHLCV for 15m: bybit {"retCode":10003,"retMsg":"API key is invalid.","result":{},"retExtInfo":{},"time":1781947789644}
2026-06-20 04:29:48,766 - ERROR - SUPERTREND_BOT - Error fetching OHLCV for 1h: bybit {"retCode":10003,"retMsg":"API key is invalid.","result":{},"retExtInfo":{},"time":1781947789950}
2026-06-20 04:29:48,767 - WARNING - SUPERTREND_BOT - SUPERTREND_BOT - Could not fetch data. Retrying in 60s...
2026-06-20 04:30:48,767 - INFO - SUPERTREND_BOT - SUPERTREND_BOT - [POLL] Escaneando marcos de 15m y 1H para SuperTrend MTF...
2026-06-20 04:30:49,654 - ERROR - SUPERTREND_BOT - Error fetching OHLCV for 15m: bybit {"retCode":10003,"retMsg":"API key is invalid.","result":{},"retExtInfo":{},"time":1781947850836}
2026-06-20 04:30:49,957 - ERROR - SUPERTREND_BOT - Error fetching OHLCV for 1h: bybit {"retCode":10003,"retMsg":"API key is invalid.","result":{},"retExtInfo":{},"time":1781947851139}
2026-06-20 04:30:49,957 - WARNING - SUPERTREND_BOT - SUPERTREND_BOT - Could not fetch data. Retrying in 60s...
2026-06-20 04:31:49,958 - INFO - SUPERTREND_BOT - SUPERTREND_BOT - [POLL] Escaneando marcos de 15m y 1H para SuperTrend MTF...
2026-06-20 04:31:50,269 - ERROR - SUPERTREND_BOT - Error fetching OHLCV for 15m: bybit {"retCode":10003,"retMsg":"API key is invalid.","result":{},"retExtInfo":{},"time":1781947911454}
2026-06-20 04:31:51,375 - ERROR - SUPERTREND_BOT - Error fetching OHLCV for 1h: bybit {"retCode":10003,"retMsg":"API key is invalid.","result":{},"retExtInfo":{},"time":1781947912567}
2026-06-20 04:31:51,375 - WARNING - SUPERTREND_BOT - SUPERTREND_BOT - Could not fetch data. Retrying in 60s...
2026-06-20 04:32:51,376 - INFO - SUPERTREND_BOT - SUPERTREND_BOT - [POLL] Escaneando marcos de 15m y 1H para SuperTrend MTF...
2026-06-20 04:32:52,281 - ERROR - SUPERTREND_BOT - Error fetching OHLCV for 15m: bybit {"retCode":10003,"retMsg":"API key is invalid.","result":{},"retExtInfo":{},"time":1781947973464}
2026-06-20 04:32:53,166 - ERROR - SUPERTREND_BOT - Error fetching OHLCV for 1h: bybit {"retCode":10003,"retMsg":"API key is invalid.","result":{},"retExtInfo":{},"time":1781947974355}
2026-06-20 04:32:53,166 - WARNING - SUPERTREND_BOT - SUPERTREND_BOT - Could not fetch data. Retrying in 60s...
2026-06-20 04:33:53,167 - INFO - SUPERTREND_BOT - SUPERTREND_BOT - [POLL] Escaneando marcos de 15m y 1H para SuperTrend MTF...
2026-06-20 04:33:54,051 - ERROR - SUPERTREND_BOT - Error fetching OHLCV for 15m: bybit {"retCode":10003,"retMsg":"API key is invalid.","result":{},"retExtInfo":{},"time":1781948035246}
2026-06-20 04:33:54,955 - ERROR - SUPERTREND_BOT - Error fetching OHLCV for 1h: bybit {"retCode":10003,"retMsg":"API key is invalid.","result":{},"retExtInfo":{},"time":1781948036139}
2026-06-20 04:33:54,955 - WARNING - SUPERTREND_BOT - SUPERTREND_BOT - Could not fetch data. Retrying in 60s...
2026-06-20 04:34:54,956 - INFO - SUPERTREND_BOT - SUPERTREND_BOT - [POLL] Escaneando marcos de 15m y 1H para SuperTrend MTF...
2026-06-20 04:34:55,276 - ERROR - SUPERTREND_BOT - Error fetching OHLCV for 15m: bybit {"retCode":10003,"retMsg":"API key is invalid.","result":{},"retExtInfo":{},"time":1781948096472}
2026-06-20 04:34:56,389 - ERROR - SUPERTREND_BOT - Error fetching OHLCV for 1h: bybit {"retCode":10003,"retMsg":"API key is invalid.","result":{},"retExtInfo":{},"time":1781948097576}
2026-06-20 04:34:56,389 - WARNING - SUPERTREND_BOT - SUPERTREND_BOT - Could not fetch data. Retrying in 60s...
2026-06-20 04:35:56,391 - INFO - SUPERTREND_BOT - SUPERTREND_BOT - [POLL] Escaneando marcos de 15m y 1H para SuperTrend MTF...
2026-06-20 04:35:57,282 - ERROR - SUPERTREND_BOT - Error fetching OHLCV for 15m: bybit {"retCode":10003,"retMsg":"API key is invalid.","result":{},"retExtInfo":{},"time":1781948158471}
2026-06-20 04:35:58,161 - ERROR - SUPERTREND_BOT - Error fetching OHLCV for 1h: bybit {"retCode":10003,"retMsg":"API key is invalid.","result":{},"retExtInfo":{},"time":1781948159352}
2026-06-20 04:35:58,161 - WARNING - SUPERTREND_BOT - SUPERTREND_BOT - Could not fetch data. Retrying in 60s...
2026-06-20 04:36:58,162 - INFO - SUPERTREND_BOT - SUPERTREND_BOT - [POLL] Escaneando marcos de 15m y 1H para SuperTrend MTF...
2026-06-20 04:36:59,024 - ERROR - SUPERTREND_BOT - Error fetching OHLCV for 15m: bybit {"retCode":10003,"retMsg":"API key is invalid.","result":{},"retExtInfo":{},"time":1781948220219}
2026-06-20 04:36:59,319 - ERROR - SUPERTREND_BOT - Error fetching OHLCV for 1h: bybit {"retCode":10003,"retMsg":"API key is invalid.","result":{},"retExtInfo":{},"time":1781948220514}
2026-06-20 04:36:59,320 - WARNING - SUPERTREND_BOT - SUPERTREND_BOT - Could not fetch data. Retrying in 60s...
2026-06-20 04:37:59,321 - INFO - SUPERTREND_BOT - SUPERTREND_BOT - [POLL] Escaneando marcos de 15m y 1H para SuperTrend MTF...
2026-06-20 04:37:59,616 - ERROR - SUPERTREND_BOT - Error fetching OHLCV for 15m: bybit {"retCode":10003,"retMsg":"API key is invalid.","result":{},"retExtInfo":{},"time":1781948280819}
2026-06-20 04:38:00,181 - ERROR - SUPERTREND_BOT - Error fetching OHLCV for 1h: bybit {"retCode":10003,"retMsg":"API key is invalid.","result":{},"retExtInfo":{},"time":1781948281386}
2026-06-20 04:38:00,181 - WARNING - SUPERTREND_BOT - SUPERTREND_BOT - Could not fetch data. Retrying in 60s...
2026-06-20 04:39:00,195 - INFO - SUPERTREND_BOT - SUPERTREND_BOT - [POLL] Escaneando marcos de 15m y 1H para SuperTrend MTF...
2026-06-20 04:39:01,087 - ERROR - SUPERTREND_BOT - Error fetching OHLCV for 15m: bybit {"retCode":10003,"retMsg":"API key is invalid.","result":{},"retExtInfo":{},"time":1781948342276}
2026-06-20 04:39:01,958 - ERROR - SUPERTREND_BOT - Error fetching OHLCV for 1h: bybit {"retCode":10003,"retMsg":"API key is invalid.","result":{},"retExtInfo":{},"time":1781948343145}
2026-06-20 04:39:01,958 - WARNING - SUPERTREND_BOT - SUPERTREND_BOT - Could not fetch data. Retrying in 60s...
2026-06-20 04:40:01,959 - INFO - SUPERTREND_BOT - SUPERTREND_BOT - [POLL] Escaneando marcos de 15m y 1H para SuperTrend MTF...
2026-06-20 04:40:02,820 - ERROR - SUPERTREND_BOT - Error fetching OHLCV for 15m: bybit {"retCode":10003,"retMsg":"API key is invalid.","result":{},"retExtInfo":{},"time":1781948404016}
2026-06-20 04:40:03,124 - ERROR - SUPERTREND_BOT - Error fetching OHLCV for 1h: bybit {"retCode":10003,"retMsg":"API key is invalid.","result":{},"retExtInfo":{},"time":1781948404319}
2026-06-20 04:40:03,126 - WARNING - SUPERTREND_BOT - SUPERTREND_BOT - Could not fetch data. Retrying in 60s...
2026-06-20 04:41:03,127 - INFO - SUPERTREND_BOT - SUPERTREND_BOT - [POLL] Escaneando marcos de 15m y 1H para SuperTrend MTF...
2026-06-20 04:41:04,002 - ERROR - SUPERTREND_BOT - Error fetching OHLCV for 15m: bybit {"retCode":10003,"retMsg":"API key is invalid.","result":{},"retExtInfo":{},"time":1781948465207}
2026-06-20 04:41:04,302 - ERROR - SUPERTREND_BOT - Error fetching OHLCV for 1h: bybit {"retCode":10003,"retMsg":"API key is invalid.","result":{},"retExtInfo":{},"time":1781948465502}
2026-06-20 04:41:04,302 - WARNING - SUPERTREND_BOT - SUPERTREND_BOT - Could not fetch data. Retrying in 60s...
2026-06-20 04:42:04,303 - INFO - SUPERTREND_BOT - SUPERTREND_BOT - [POLL] Escaneando marcos de 15m y 1H para SuperTrend MTF...
2026-06-20 04:42:05,162 - ERROR - SUPERTREND_BOT - Error fetching OHLCV for 15m: bybit {"retCode":10003,"retMsg":"API key is invalid.","result":{},"retExtInfo":{},"time":1781948526357}
2026-06-20 04:42:05,457 - ERROR - SUPERTREND_BOT - Error fetching OHLCV for 1h: bybit {"retCode":10003,"retMsg":"API key is invalid.","result":{},"retExtInfo":{},"time":1781948526652}
2026-06-20 04:42:05,457 - WARNING - SUPERTREND_BOT - SUPERTREND_BOT - Could not fetch data. Retrying in 60s...
2026-06-20 04:43:05,458 - INFO - SUPERTREND_BOT - SUPERTREND_BOT - [POLL] Escaneando marcos de 15m y 1H para SuperTrend MTF...
2026-06-20 04:43:06,330 - ERROR - SUPERTREND_BOT - Error fetching OHLCV for 15m: bybit {"retCode":10003,"retMsg":"API key is invalid.","result":{},"retExtInfo":{},"time":1781948587520}
2026-06-20 04:43:07,205 - ERROR - SUPERTREND_BOT - Error fetching OHLCV for 1h: bybit {"retCode":10003,"retMsg":"API key is invalid.","result":{},"retExtInfo":{},"time":1781948588404}
2026-06-20 04:43:07,206 - WARNING - SUPERTREND_BOT - SUPERTREND_BOT - Could not fetch data. Retrying in 60s...
2026-06-20 04:44:07,208 - INFO - SUPERTREND_BOT - SUPERTREND_BOT - [POLL] Escaneando marcos de 15m y 1H para SuperTrend MTF...
2026-06-20 04:44:08,068 - ERROR - SUPERTREND_BOT - Error fetching OHLCV for 15m: bybit {"retCode":10003,"retMsg":"API key is invalid.","result":{},"retExtInfo":{},"time":1781948649268}
2026-06-20 04:44:09,159 - ERROR - SUPERTREND_BOT - Error fetching OHLCV for 1h: bybit {"retCode":10003,"retMsg":"API key is invalid.","result":{},"retExtInfo":{},"time":1781948650351}
2026-06-20 04:44:09,159 - WARNING - SUPERTREND_BOT - SUPERTREND_BOT - Could not fetch data. Retrying in 60s...
2026-06-20 04:45:09,160 - INFO - SUPERTREND_BOT - SUPERTREND_BOT - [POLL] Escaneando marcos de 15m y 1H para SuperTrend MTF...
2026-06-20 04:45:10,002 - ERROR - SUPERTREND_BOT - Error fetching OHLCV for 15m: bybit {"retCode":10003,"retMsg":"API key is invalid.","result":{},"retExtInfo":{},"time":1781948711201}
2026-06-20 04:45:10,891 - ERROR - SUPERTREND_BOT - Error fetching OHLCV for 1h: bybit {"retCode":10003,"retMsg":"API key is invalid.","result":{},"retExtInfo":{},"time":1781948712085}
2026-06-20 04:45:10,891 - WARNING - SUPERTREND_BOT - SUPERTREND_BOT - Could not fetch data. Retrying in 60s...
2026-06-20 04:46:10,895 - INFO - SUPERTREND_BOT - SUPERTREND_BOT - [POLL] Escaneando marcos de 15m y 1H para SuperTrend MTF...
2026-06-20 04:46:11,201 - ERROR - SUPERTREND_BOT - Error fetching OHLCV for 15m: bybit {"retCode":10003,"retMsg":"API key is invalid.","result":{},"retExtInfo":{},"time":1781948772402}
2026-06-20 04:46:11,741 - ERROR - SUPERTREND_BOT - Error fetching OHLCV for 1h: bybit {"retCode":10003,"retMsg":"API key is invalid.","result":{},"retExtInfo":{},"time":1781948772950}
2026-06-20 04:46:11,741 - WARNING - SUPERTREND_BOT - SUPERTREND_BOT - Could not fetch data. Retrying in 60s...
2026-06-20 04:47:11,751 - INFO - SUPERTREND_BOT - SUPERTREND_BOT - [POLL] Escaneando marcos de 15m y 1H para SuperTrend MTF...
2026-06-20 04:47:12,655 - ERROR - SUPERTREND_BOT - Error fetching OHLCV for 15m: bybit {"retCode":10003,"retMsg":"API key is invalid.","result":{},"retExtInfo":{},"time":1781948833847}
2026-06-20 04:47:12,957 - ERROR - SUPERTREND_BOT - Error fetching OHLCV for 1h: bybit {"retCode":10003,"retMsg":"API key is invalid.","result":{},"retExtInfo":{},"time":1781948834155}
2026-06-20 04:47:12,957 - WARNING - SUPERTREND_BOT - SUPERTREND_BOT - Could not fetch data. Retrying in 60s...
2026-06-20 04:48:12,958 - INFO - SUPERTREND_BOT - SUPERTREND_BOT - [POLL] Escaneando marcos de 15m y 1H para SuperTrend MTF...
2026-06-20 04:48:13,262 - ERROR - SUPERTREND_BOT - Error fetching OHLCV for 15m: bybit {"retCode":10003,"retMsg":"API key is invalid.","result":{},"retExtInfo":{},"time":1781948894459}
2026-06-20 04:48:13,817 - ERROR - SUPERTREND_BOT - Error fetching OHLCV for 1h: bybit {"retCode":10003,"retMsg":"API key is invalid.","result":{},"retExtInfo":{},"time":1781948895016}
2026-06-20 04:48:13,817 - WARNING - SUPERTREND_BOT - SUPERTREND_BOT - Could not fetch data. Retrying in 60s...
2026-06-20 04:49:13,819 - INFO - SUPERTREND_BOT - SUPERTREND_BOT - [POLL] Escaneando marcos de 15m y 1H para SuperTrend MTF...
2026-06-20 04:49:14,114 - ERROR - SUPERTREND_BOT - Error fetching OHLCV for 15m: bybit {"retCode":10003,"retMsg":"API key is invalid.","result":{},"retExtInfo":{},"time":1781948955317}
2026-06-20 04:49:14,686 - ERROR - SUPERTREND_BOT - Error fetching OHLCV for 1h: bybit {"retCode":10003,"retMsg":"API key is invalid.","result":{},"retExtInfo":{},"time":1781948955883}
2026-06-20 04:49:14,686 - WARNING - SUPERTREND_BOT - SUPERTREND_BOT - Could not fetch data. Retrying in 60s...
2026-06-20 04:50:14,687 - INFO - SUPERTREND_BOT - SUPERTREND_BOT - [POLL] Escaneando marcos de 15m y 1H para SuperTrend MTF...
2026-06-20 04:50:15,568 - ERROR - SUPERTREND_BOT - Error fetching OHLCV for 15m: bybit {"retCode":10003,"retMsg":"API key is invalid.","result":{},"retExtInfo":{},"time":1781949016770}
2026-06-20 04:50:15,871 - ERROR - SUPERTREND_BOT - Error fetching OHLCV for 1h: bybit {"retCode":10003,"retMsg":"API key is invalid.","result":{},"retExtInfo":{},"time":1781949017072}
2026-06-20 04:50:15,871 - WARNING - SUPERTREND_BOT - SUPERTREND_BOT - Could not fetch data. Retrying in 60s...
2026-06-20 04:51:15,872 - INFO - SUPERTREND_BOT - SUPERTREND_BOT - [POLL] Escaneando marcos de 15m y 1H para SuperTrend MTF...
2026-06-20 04:51:16,725 - ERROR - SUPERTREND_BOT - Error fetching OHLCV for 15m: bybit {"retCode":10003,"retMsg":"API key is invalid.","result":{},"retExtInfo":{},"time":1781949077926}
2026-06-20 04:51:17,019 - ERROR - SUPERTREND_BOT - Error fetching OHLCV for 1h: bybit {"retCode":10003,"retMsg":"API key is invalid.","result":{},"retExtInfo":{},"time":1781949078220}
2026-06-20 04:51:17,019 - WARNING - SUPERTREND_BOT - SUPERTREND_BOT - Could not fetch data. Retrying in 60s...
2026-06-20 04:52:17,020 - INFO - SUPERTREND_BOT - SUPERTREND_BOT - [POLL] Escaneando marcos de 15m y 1H para SuperTrend MTF...
2026-06-20 04:52:17,880 - ERROR - SUPERTREND_BOT - Error fetching OHLCV for 15m: bybit {"retCode":10003,"retMsg":"API key is invalid.","result":{},"retExtInfo":{},"time":1781949139081}
2026-06-20 04:52:18,174 - ERROR - SUPERTREND_BOT - Error fetching OHLCV for 1h: bybit {"retCode":10003,"retMsg":"API key is invalid.","result":{},"retExtInfo":{},"time":1781949139375}
2026-06-20 04:52:18,175 - WARNING - SUPERTREND_BOT - SUPERTREND_BOT - Could not fetch data. Retrying in 60s...
2026-06-20 04:53:18,175 - INFO - SUPERTREND_BOT - SUPERTREND_BOT - [POLL] Escaneando marcos de 15m y 1H para SuperTrend MTF...
2026-06-20 04:53:19,044 - ERROR - SUPERTREND_BOT - Error fetching OHLCV for 15m: bybit {"retCode":10003,"retMsg":"API key is invalid.","result":{},"retExtInfo":{},"time":1781949200250}
2026-06-20 04:53:19,343 - ERROR - SUPERTREND_BOT - Error fetching OHLCV for 1h: bybit {"retCode":10003,"retMsg":"API key is invalid.","result":{},"retExtInfo":{},"time":1781949200548}
2026-06-20 04:53:19,343 - WARNING - SUPERTREND_BOT - SUPERTREND_BOT - Could not fetch data. Retrying in 60s...
2026-06-20 04:54:19,343 - INFO - SUPERTREND_BOT - SUPERTREND_BOT - [POLL] Escaneando marcos de 15m y 1H para SuperTrend MTF...
2026-06-20 04:54:19,645 - ERROR - SUPERTREND_BOT - Error fetching OHLCV for 15m: bybit {"retCode":10003,"retMsg":"API key is invalid.","result":{},"retExtInfo":{},"time":1781949260841}
2026-06-20 04:54:20,203 - ERROR - SUPERTREND_BOT - Error fetching OHLCV for 1h: bybit {"retCode":10003,"retMsg":"API key is invalid.","result":{},"retExtInfo":{},"time":1781949261399}
2026-06-20 04:54:20,203 - WARNING - SUPERTREND_BOT - SUPERTREND_BOT - Could not fetch data. Retrying in 60s...
2026-06-20 04:55:20,204 - INFO - SUPERTREND_BOT - SUPERTREND_BOT - [POLL] Escaneando marcos de 15m y 1H para SuperTrend MTF...
2026-06-20 04:55:20,506 - ERROR - SUPERTREND_BOT - Error fetching OHLCV for 15m: bybit {"retCode":10003,"retMsg":"API key is invalid.","result":{},"retExtInfo":{},"time":1781949321709}
2026-06-20 04:55:21,066 - ERROR - SUPERTREND_BOT - Error fetching OHLCV for 1h: bybit {"retCode":10003,"retMsg":"API key is invalid.","result":{},"retExtInfo":{},"time":1781949322270}
2026-06-20 04:55:21,066 - WARNING - SUPERTREND_BOT - SUPERTREND_BOT - Could not fetch data. Retrying in 60s...
